<?xml version="1.0" encoding="UTF-8"?>
<!-- Generated by org.testng.reporters.JUnitXMLReporter -->
<testsuite hostname="DESKTOP-3JLO7HD" ignored="0" name="Test" tests="4" failures="0" timestamp="05 Jul 2020 04:14:51 GMT" time="130.458" errors="0">
  <testcase name="basePageNavigation" time="11.721" classname="academy.validateNavigationBar"/>
  <testcase name="basePageNavigation" time="25.942" classname="academy.HomePage"/>
  <testcase name="basePageNavigation" time="25.107" classname="academy.HomePage"/>
  <testcase name="basePageNavigation" time="34.158" classname="academy.validateTitle"/>
</testsuite> <!-- Test -->
