<?xml version="1.0" encoding="UTF-8"?>
<!-- Generated by org.testng.reporters.JUnitXMLReporter -->
<testsuite hostname="DESKTOP-3JLO7HD" ignored="0" name="Test" tests="4" failures="0" timestamp="05 Jul 2020 09:57:21 GMT" time="159.846" errors="0">
  <testcase name="basePageNavigation" time="52.056" classname="academy.validateNavigationBar"/>
  <testcase name="basePageNavigation" time="37.6" classname="academy.HomePage"/>
  <testcase name="basePageNavigation" time="30.652" classname="academy.HomePage"/>
  <testcase name="basePageNavigation" time="29.316" classname="academy.validateTitle"/>
</testsuite> <!-- Test -->
