<?xml version="1.0" encoding="UTF-8"?>
<testng-results skipped="0" failed="0" ignored="0" total="4" passed="4">
  <reporter-output>
  </reporter-output>
  <suite name="Suite" duration-ms="159846" started-at="2020-07-05T09:54:41Z" finished-at="2020-07-05T09:57:20Z">
    <groups>
    </groups>
    <test name="Test" duration-ms="159846" started-at="2020-07-05T09:54:41Z" finished-at="2020-07-05T09:57:20Z">
      <class name="academy.validateTitle">
        <test-method status="PASS" signature="basePageNavigation()[pri:0, instance:academy.validateTitle@351d0846]" name="basePageNavigation" duration-ms="29316" started-at="2020-07-05T09:56:41Z" finished-at="2020-07-05T09:57:10Z">
          <reporter-output>
          </reporter-output>
        </test-method> <!-- basePageNavigation -->
      </class> <!-- academy.validateTitle -->
      <class name="academy.validateNavigationBar">
        <test-method status="PASS" signature="basePageNavigation()[pri:0, instance:academy.validateNavigationBar@4450d156]" name="basePageNavigation" duration-ms="52056" started-at="2020-07-05T09:54:41Z" finished-at="2020-07-05T09:55:33Z">
          <reporter-output>
          </reporter-output>
        </test-method> <!-- basePageNavigation -->
      </class> <!-- academy.validateNavigationBar -->
      <class name="academy.HomePage">
        <test-method status="PASS" signature="basePageNavigation(java.lang.String, java.lang.String, java.lang.String)[pri:0, instance:academy.HomePage@4461c7e3]" name="basePageNavigation" duration-ms="37600" started-at="2020-07-05T09:55:33Z" data-provider="getData" finished-at="2020-07-05T09:56:10Z">
          <params>
            <param index="0">
              <value>
                <![CDATA[nonrestricted@gmail,com]]>
              </value>
            </param>
            <param index="1">
              <value>
                <![CDATA[23450]]>
              </value>
            </param>
            <param index="2">
              <value>
                <![CDATA[Restricted user]]>
              </value>
            </param>
          </params>
          <reporter-output>
          </reporter-output>
        </test-method> <!-- basePageNavigation -->
        <test-method status="PASS" signature="basePageNavigation(java.lang.String, java.lang.String, java.lang.String)[pri:0, instance:academy.HomePage@4461c7e3]" name="basePageNavigation" duration-ms="30652" started-at="2020-07-05T09:56:10Z" data-provider="getData" finished-at="2020-07-05T09:56:41Z">
          <params>
            <param index="0">
              <value>
                <![CDATA[restricted@gmail,com]]>
              </value>
            </param>
            <param index="1">
              <value>
                <![CDATA[253450]]>
              </value>
            </param>
            <param index="2">
              <value>
                <![CDATA[non-Restricted user]]>
              </value>
            </param>
          </params>
          <reporter-output>
          </reporter-output>
        </test-method> <!-- basePageNavigation -->
        <test-method status="PASS" signature="teardown()[pri:0, instance:academy.HomePage@4461c7e3]" name="teardown" is-config="true" duration-ms="4328" started-at="2020-07-05T09:57:10Z" finished-at="2020-07-05T09:57:15Z">
          <reporter-output>
          </reporter-output>
        </test-method> <!-- teardown -->
        <test-method status="PASS" signature="teardown()[pri:0, instance:academy.validateNavigationBar@4450d156]" name="teardown" is-config="true" duration-ms="4717" started-at="2020-07-05T09:57:15Z" finished-at="2020-07-05T09:57:19Z">
          <reporter-output>
          </reporter-output>
        </test-method> <!-- teardown -->
        <test-method status="PASS" signature="teardown()[pri:0, instance:academy.validateTitle@351d0846]" name="teardown" is-config="true" duration-ms="1053" started-at="2020-07-05T09:57:19Z" finished-at="2020-07-05T09:57:20Z">
          <reporter-output>
          </reporter-output>
        </test-method> <!-- teardown -->
      </class> <!-- academy.HomePage -->
    </test> <!-- Test -->
  </suite> <!-- Suite -->
</testng-results>
